# JRE version: Java(TM) SE Runtime Environment (12.0.2+10) (build 12.0.2+10)
# Java VM: Java HotSpot(TM) 64-Bit Server VM (12.0.2+10, mixed mode, sharing, tiered, compressed oops, g1 gc, windows-amd64)
Heap:
 garbage-first heap   total 58368K, used 29168K [0x0000000081800000, 0x0000000100000000)
  region size 1024K, 5 young (5120K), 2 survivors (2048K)
 Metaspace       used 46079K, capacity 47564K, committed 47664K, reserved 1091584K
  class space    used 5929K, capacity 6500K, committed 6528K, reserved 1048576K
GC Heap History (10 events):
Event: 48.154 GC heap before
{Heap before GC invocations=22 (full 0):
 garbage-first heap   total 58368K, used 45098K [0x0000000081800000, 0x0000000100000000)
  region size 1024K, 20 young (20480K), 3 survivors (3072K)
 Metaspace       used 45491K, capacity 46920K, committed 47152K, reserved 1089536K
  class space    used 5893K, capacity 6443K, committed 6528K, reserved 1048576K
}
Event: 48.162 GC heap after
{Heap after GC invocations=23 (full 0):
 garbage-first heap   total 58368K, used 29318K [0x0000000081800000, 0x0000000100000000)
  region size 1024K, 2 young (2048K), 2 survivors (2048K)
 Metaspace       used 45491K, capacity 46920K, committed 47152K, reserved 1089536K
  class space    used 5893K, capacity 6443K, committed 6528K, reserved 1048576K
}
Event: 131.563 GC heap before
{Heap before GC invocations=23 (full 0):
 garbage-first heap   total 58368K, used 33414K [0x0000000081800000, 0x0000000100000000)
  region size 1024K, 7 young (7168K), 2 survivors (2048K)
 Metaspace       used 45832K, capacity 47230K, committed 47408K, reserved 1089536K
  class space    used 5923K, capacity 6461K, committed 6528K, reserved 1048576K
}
Event: 131.632 GC heap after
{Heap after GC invocations=24 (full 1):
 garbage-first heap   total 58368K, used 24286K [0x0000000081800000, 0x0000000100000000)
  region size 1024K, 0 young (0K), 0 survivors (0K)
 Metaspace       used 45832K, capacity 47230K, committed 47408K, reserved 1089536K
  class space    used 5923K, capacity 6461K, committed 6528K, reserved 1048576K
}
Event: 134.412 GC heap before
{Heap before GC invocations=24 (full 1):
 garbage-first heap   total 58368K, used 42718K [0x0000000081800000, 0x0000000100000000)
  region size 1024K, 18 young (18432K), 0 survivors (0K)
 Metaspace       used 45889K, capacity 47345K, committed 47408K, reserved 1089536K
  class space    used 5927K, capacity 6498K, committed 6528K, reserved 1048576K
}
Event: 134.416 GC heap after
{Heap after GC invocations=25 (full 1):
 garbage-first heap   total 58368K, used 25957K [0x0000000081800000, 0x0000000100000000)
  region size 1024K, 2 young (2048K), 2 survivors (2048K)
 Metaspace       used 45889K, capacity 47345K, committed 47408K, reserved 1089536K
  class space    used 5927K, capacity 6498K, committed 6528K, reserved 1048576K
}
Event: 135.025 GC heap before
{Heap before GC invocations=25 (full 1):
 garbage-first heap   total 58368K, used 43365K [0x0000000081800000, 0x0000000100000000)
  region size 1024K, 19 young (19456K), 2 survivors (2048K)
 Metaspace       used 45994K, capacity 47486K, committed 47664K, reserved 1091584K
  class space    used 5928K, capacity 6500K, committed 6528K, reserved 1048576K
}
Event: 135.028 GC heap after
{Heap after GC invocations=26 (full 1):
 garbage-first heap   total 58368K, used 26410K [0x0000000081800000, 0x0000000100000000)
  region size 1024K, 3 young (3072K), 3 survivors (3072K)
 Metaspace       used 45994K, capacity 47486K, committed 47664K, reserved 1091584K
  class space    used 5928K, capacity 6500K, committed 6528K, reserved 1048576K
}
Event: 135.287 GC heap before
{Heap before GC invocations=26 (full 1):
 garbage-first heap   total 58368K, used 42794K [0x0000000081800000, 0x0000000100000000)
  region size 1024K, 20 young (20480K), 3 survivors (3072K)
 Metaspace       used 46071K, capacity 47564K, committed 47664K, reserved 1091584K
  class space    used 5929K, capacity 6500K, committed 6528K, reserved 1048576K
}
Event: 135.290 GC heap after
{Heap after GC invocations=27 (full 1):
 garbage-first heap   total 58368K, used 27120K [0x0000000081800000, 0x0000000100000000)
  region size 1024K, 2 young (2048K), 2 survivors (2048K)
 Metaspace       used 46071K, capacity 47564K, committed 47664K, reserved 1091584K
  class space    used 5929K, capacity 6500K, committed 6528K, reserved 1048576K
}

